INFO 2025-07-27 01:59:22,826 autoreload 25648 26952 Watching for file changes with StatReloader
INFO 2025-07-27 01:59:23,024 autoreload 23040 20172 Watching for file changes with StatReloader
INFO 2025-07-27 01:59:23,144 autoreload 16488 5520 Watching for file changes with StatReloader
INFO 2025-07-27 01:59:23,498 autoreload 19472 24264 Watching for file changes with StatReloader
INFO 2025-07-27 01:59:23,790 autoreload 19336 24708 Watching for file changes with StatReloader
INFO 2025-07-27 02:00:48,960 autoreload 23040 20172 C:\Users\habib\OneDrive\Desktop\Placement_Partner\core\utils.py changed, reloading.
INFO 2025-07-27 02:00:49,109 autoreload 16488 5520 C:\Users\habib\OneDrive\Desktop\Placement_Partner\core\utils.py changed, reloading.
INFO 2025-07-27 02:00:49,374 autoreload 19472 24264 C:\Users\habib\OneDrive\Desktop\Placement_Partner\core\utils.py changed, reloading.
INFO 2025-07-27 02:00:49,569 autoreload 19336 24708 C:\Users\habib\OneDrive\Desktop\Placement_Partner\core\utils.py changed, reloading.
INFO 2025-07-27 02:00:49,725 autoreload 25648 26952 C:\Users\habib\OneDrive\Desktop\Placement_Partner\core\utils.py changed, reloading.
INFO 2025-07-27 02:00:50,250 autoreload 13616 7432 Watching for file changes with StatReloader
INFO 2025-07-27 02:00:50,359 autoreload 27012 26628 Watching for file changes with StatReloader
INFO 2025-07-27 02:00:50,599 autoreload 1848 25576 Watching for file changes with StatReloader
INFO 2025-07-27 02:00:50,781 autoreload 25228 26664 Watching for file changes with StatReloader
INFO 2025-07-27 02:00:50,947 autoreload 7884 25832 Watching for file changes with StatReloader
INFO 2025-07-27 02:06:41,408 autoreload 25328 27064 Watching for file changes with StatReloader
INFO 2025-07-27 02:27:34,502 autoreload 8028 6056 Watching for file changes with StatReloader
WARNING 2025-07-27 02:27:42,083 log 8028 7428 Not Found: /favicon.ico
INFO 2025-07-27 23:18:31,276 autoreload 17412 19676 Watching for file changes with StatReloader
INFO 2025-07-27 23:20:17,491 autoreload 19156 10716 Watching for file changes with StatReloader
INFO 2025-07-28 00:29:11,586 autoreload 7572 11808 Watching for file changes with StatReloader
INFO 2025-07-28 00:47:20,778 autoreload 13868 7864 Watching for file changes with StatReloader
INFO 2025-07-28 00:59:55,935 autoreload 228 17620 Watching for file changes with StatReloader
INFO 2025-07-28 01:03:45,580 autoreload 15192 19300 Watching for file changes with StatReloader
WARNING 2025-07-28 01:03:51,604 log 15192 19216 Not Found: /favicon.ico
WARNING 2025-07-28 01:04:36,949 log 15192 19216 Not Found: /.well-known/appspecific/com.chrome.devtools.json
WARNING 2025-07-28 01:05:23,995 log 15192 19216 Not Found: /.well-known/appspecific/com.chrome.devtools.json
WARNING 2025-07-28 01:06:02,808 log 15192 19216 Not Found: /.well-known/appspecific/com.chrome.devtools.json
WARNING 2025-07-28 01:06:35,758 log 15192 19216 Not Found: /.well-known/appspecific/com.chrome.devtools.json
WARNING 2025-07-28 01:06:36,916 log 15192 19216 Not Found: /.well-known/appspecific/com.chrome.devtools.json
WARNING 2025-07-28 01:06:38,866 log 15192 19216 Not Found: /.well-known/appspecific/com.chrome.devtools.json
WARNING 2025-07-28 01:06:40,518 log 15192 19216 Not Found: /.well-known/appspecific/com.chrome.devtools.json
INFO 2025-07-28 01:21:16,407 autoreload 12632 18408 Watching for file changes with StatReloader
WARNING 2025-07-28 01:21:28,576 log 12632 4872 Not Found: /.well-known/appspecific/com.chrome.devtools.json
INFO 2025-07-28 01:37:55,802 autoreload 12632 18408 D:\Projects\Placement_partner\Placement_Partner\core\views.py changed, reloading.
INFO 2025-07-28 01:37:56,607 autoreload 17428 2248 Watching for file changes with StatReloader
INFO 2025-07-28 01:38:29,364 autoreload 17428 2248 D:\Projects\Placement_partner\Placement_Partner\core\views.py changed, reloading.
INFO 2025-07-28 01:38:30,205 autoreload 7324 19344 Watching for file changes with StatReloader
INFO 2025-07-28 01:39:12,598 autoreload 7324 19344 D:\Projects\Placement_partner\Placement_Partner\core\views.py changed, reloading.
INFO 2025-07-28 01:39:13,415 autoreload 8016 6696 Watching for file changes with StatReloader
INFO 2025-07-28 01:39:44,700 autoreload 8016 6696 D:\Projects\Placement_partner\Placement_Partner\core\views.py changed, reloading.
INFO 2025-07-28 01:39:45,872 autoreload 19236 11056 Watching for file changes with StatReloader
INFO 2025-07-28 01:39:50,057 autoreload 19236 11056 D:\Projects\Placement_partner\Placement_Partner\core\views.py changed, reloading.
INFO 2025-07-28 01:39:50,822 autoreload 7192 2672 Watching for file changes with StatReloader
INFO 2025-07-28 01:39:53,320 autoreload 7192 2672 D:\Projects\Placement_partner\Placement_Partner\core\views.py changed, reloading.
INFO 2025-07-28 01:39:53,770 autoreload 7184 12700 Watching for file changes with StatReloader
INFO 2025-07-28 01:40:12,071 autoreload 7184 12700 D:\Projects\Placement_partner\Placement_Partner\core\views.py changed, reloading.
INFO 2025-07-28 01:40:12,830 autoreload 11012 18876 Watching for file changes with StatReloader
INFO 2025-07-28 01:40:19,663 autoreload 11012 18876 D:\Projects\Placement_partner\Placement_Partner\core\views.py changed, reloading.
INFO 2025-07-28 01:40:20,383 autoreload 19404 1980 Watching for file changes with StatReloader
INFO 2025-07-28 01:40:24,143 autoreload 19404 1980 D:\Projects\Placement_partner\Placement_Partner\core\views.py changed, reloading.
INFO 2025-07-28 01:40:24,977 autoreload 19264 19424 Watching for file changes with StatReloader
INFO 2025-07-28 01:40:35,993 autoreload 19264 19424 D:\Projects\Placement_partner\Placement_Partner\core\views.py changed, reloading.
INFO 2025-07-28 01:40:36,804 autoreload 9580 13068 Watching for file changes with StatReloader
INFO 2025-07-28 01:41:48,240 autoreload 7440 14776 Watching for file changes with StatReloader
WARNING 2025-07-28 01:41:55,760 log 7440 17276 Not Found: /.well-known/appspecific/com.chrome.devtools.json
WARNING 2025-07-28 01:41:59,774 log 7440 17276 Not Found: /.well-known/appspecific/com.chrome.devtools.json
INFO 2025-07-28 01:44:41,027 autoreload 7440 14776 D:\Projects\Placement_partner\Placement_Partner\core\views.py changed, reloading.
INFO 2025-07-28 01:44:41,911 autoreload 9932 19276 Watching for file changes with StatReloader
INFO 2025-07-28 01:47:18,768 autoreload 19252 5888 Watching for file changes with StatReloader
WARNING 2025-07-28 01:47:26,285 log 19252 18232 Not Found: /.well-known/appspecific/com.chrome.devtools.json
ERROR 2025-07-28 01:47:32,101 views 19252 18232 Error generating cover letter
Traceback (most recent call last):
  File "D:\Projects\Placement_partner\Placement_Partner\core\views.py", line 278, in cover_letter_view
    cover_letter = generate_cover_letter_with_gemini(
        resume_text=resume_text,
        jd_text=jd_text,
        custom_prompt=custom_prompt
    )
  File "D:\Projects\Placement_partner\Placement_Partner\core\utils.py", line 115, in generate_cover_letter_with_gemini
    response = CLIENT.chat.create(
               ^^^^^^^^^^^
AttributeError: 'Client' object has no attribute 'chat'. Did you mean: 'chats'?
INFO 2025-07-28 01:51:29,199 autoreload 16188 7520 Watching for file changes with StatReloader
WARNING 2025-07-28 01:51:37,084 log 16188 6204 Not Found: /.well-known/appspecific/com.chrome.devtools.json
ERROR 2025-07-28 01:51:40,787 views 16188 6204 Error generating cover letter
Traceback (most recent call last):
  File "D:\Projects\Placement_partner\Placement_Partner\core\views.py", line 278, in cover_letter_view
    cover_letter = generate_cover_letter_with_gemini(
        resume_text=resume_text,
        jd_text=jd_text,
        custom_prompt=custom_prompt
    )
  File "D:\Projects\Placement_partner\Placement_Partner\core\utils.py", line 115, in generate_cover_letter_with_gemini
    response = CLIENT.chats.create(
        model=GEMINI_MODEL,
    ...<2 lines>...
        messages=messages
    )
TypeError: Chats.create() got an unexpected keyword argument 'temperature'
INFO 2025-07-28 01:55:26,268 autoreload 16188 7520 D:\Projects\Placement_partner\Placement_Partner\core\utils.py changed, reloading.
INFO 2025-07-28 01:55:27,046 autoreload 19996 20000 Watching for file changes with StatReloader
INFO 2025-07-28 01:55:35,229 autoreload 19996 20000 D:\Projects\Placement_partner\Placement_Partner\core\utils.py changed, reloading.
INFO 2025-07-28 01:55:35,961 autoreload 5776 6304 Watching for file changes with StatReloader
INFO 2025-07-28 01:55:37,410 autoreload 5776 6304 D:\Projects\Placement_partner\Placement_Partner\core\utils.py changed, reloading.
INFO 2025-07-28 01:55:37,907 autoreload 8388 2936 Watching for file changes with StatReloader
INFO 2025-07-28 01:55:40,359 autoreload 8388 2936 D:\Projects\Placement_partner\Placement_Partner\core\utils.py changed, reloading.
INFO 2025-07-28 01:55:40,811 autoreload 2952 6824 Watching for file changes with StatReloader
INFO 2025-07-28 01:55:42,293 autoreload 2952 6824 D:\Projects\Placement_partner\Placement_Partner\core\utils.py changed, reloading.
INFO 2025-07-28 01:55:42,783 autoreload 20188 20156 Watching for file changes with StatReloader
INFO 2025-07-28 01:55:44,262 autoreload 20188 20156 D:\Projects\Placement_partner\Placement_Partner\core\utils.py changed, reloading.
INFO 2025-07-28 01:55:44,746 autoreload 20464 15412 Watching for file changes with StatReloader
INFO 2025-07-28 01:55:46,189 autoreload 20464 15412 D:\Projects\Placement_partner\Placement_Partner\core\utils.py changed, reloading.
INFO 2025-07-28 01:55:46,646 autoreload 19236 18868 Watching for file changes with StatReloader
INFO 2025-07-28 01:55:48,125 autoreload 19236 18868 D:\Projects\Placement_partner\Placement_Partner\core\utils.py changed, reloading.
INFO 2025-07-28 01:55:48,666 autoreload 18532 17916 Watching for file changes with StatReloader
INFO 2025-07-28 01:55:56,351 autoreload 20252 20236 Watching for file changes with StatReloader
INFO 2025-07-28 01:57:18,339 autoreload 20252 20236 D:\Projects\Placement_partner\Placement_Partner\core\utils.py changed, reloading.
INFO 2025-07-28 01:57:19,038 autoreload 20388 19468 Watching for file changes with StatReloader
INFO 2025-07-28 02:09:45,186 autoreload 8492 20248 Watching for file changes with StatReloader
WARNING 2025-07-28 02:09:52,532 log 8492 19100 Not Found: /.well-known/appspecific/com.chrome.devtools.json
ERROR 2025-07-28 02:09:56,655 log 8492 19100 Internal Server Error: /cover-letter/
Traceback (most recent call last):
  File "D:\Projects\Placement_partner\Placement_Partner\core\views.py", line 279, in cover_letter_view
    cover_letter = generate_cover_letter_with_gemini(
        resume_text=resume_text,
        jd_text=jd_text,
        custom_prompt=custom_prompt
    )
  File "D:\Projects\Placement_partner\Placement_Partner\core\utils.py", line 115, in generate_cover_letter_with_gemini
    response = CLIENT.chats.create(
        model=GEMINI_MODEL,
    ...<2 lines>...
        messages=messages
    )
TypeError: Chats.create() got an unexpected keyword argument 'temperature'

During handling of the above exception, another exception occurred:

Traceback (most recent call last):
  File "D:\Projects\Placement_partner\venv\Lib\site-packages\django\core\handlers\exception.py", line 55, in inner
    response = get_response(request)
  File "D:\Projects\Placement_partner\venv\Lib\site-packages\django\core\handlers\base.py", line 197, in _get_response
    response = wrapped_callback(request, *callback_args, **callback_kwargs)
  File "D:\Projects\Placement_partner\Placement_Partner\core\views.py", line 292, in cover_letter_view
    logging.exception("Error generating cover letter")
    ^^^^^^^
UnboundLocalError: cannot access local variable 'logging' where it is not associated with a value
INFO 2025-07-28 02:25:33,551 autoreload 11528 1392 Watching for file changes with StatReloader
INFO 2025-07-28 02:35:37,083 autoreload 20700 20712 Watching for file changes with StatReloader
INFO 2025-07-28 02:37:08,859 autoreload 21444 21432 Watching for file changes with StatReloader
WARNING 2025-07-28 02:37:17,842 log 21444 6756 Not Found: /.well-known/appspecific/com.chrome.devtools.json
INFO 2025-07-28 02:43:47,499 autoreload 21328 21352 Watching for file changes with StatReloader
INFO 2025-07-28 02:45:22,902 autoreload 9824 19716 Watching for file changes with StatReloader
WARNING 2025-07-28 02:45:29,923 log 9824 4356 Not Found: /.well-known/appspecific/com.chrome.devtools.json
WARNING 2025-07-28 09:31:34,029 log 9824 24328 Not Found: /.well-known/appspecific/com.chrome.devtools.json
WARNING 2025-07-28 09:32:06,557 log 9824 24328 Not Found: /.well-known/appspecific/com.chrome.devtools.json
WARNING 2025-07-28 09:32:32,675 log 9824 24328 Not Found: /.well-known/appspecific/com.chrome.devtools.json
WARNING 2025-07-28 09:32:39,273 log 9824 24328 Not Found: /.well-known/appspecific/com.chrome.devtools.json
INFO 2025-07-29 18:16:36,602 autoreload 18304 9812 Watching for file changes with StatReloader
WARNING 2025-07-29 18:17:28,462 log 18304 20196 Not Found: /.well-known/appspecific/com.chrome.devtools.json
WARNING 2025-07-29 18:17:36,357 log 18304 20196 Not Found: /.well-known/appspecific/com.chrome.devtools.json
INFO 2025-07-29 18:41:14,749 autoreload 25656 25968 Watching for file changes with StatReloader
WARNING 2025-07-29 18:42:06,285 log 25656 28060 Not Found: /.well-known/appspecific/com.chrome.devtools.json
INFO 2025-07-29 18:47:24,129 autoreload 24908 26100 Watching for file changes with StatReloader
WARNING 2025-07-29 18:47:38,649 log 24908 26932 Not Found: /.well-known/appspecific/com.chrome.devtools.json
ERROR 2025-07-29 18:47:50,517 views 24908 26932 Error extracting resume text
Traceback (most recent call last):
  File "D:\Projects\Placement_partner\Placement_Partner\core\views.py", line 269, in resume_upload_view
    extracted_text = extract_text_from_file(resume_file)
  File "D:\Projects\Placement_partner\Placement_Partner\core\utils.py", line 263, in extract_text_from_file
    ext = os.path.splitext(file_path)[1][1:].lower()
          ~~~~~~~~~~~~~~~~^^^^^^^^^^^
  File "<frozen ntpath>", line 244, in splitext
TypeError: expected str, bytes or os.PathLike object, not TemporaryUploadedFile
INFO 2025-07-29 19:24:03,396 autoreload 24908 26100 D:\Projects\Placement_partner\Placement_Partner\core\views.py changed, reloading.
INFO 2025-07-29 19:24:04,704 autoreload 8212 26232 Watching for file changes with StatReloader
INFO 2025-07-29 19:33:36,437 autoreload 21640 28856 Watching for file changes with StatReloader
ERROR 2025-07-29 19:33:51,489 log 21640 16948 Internal Server Error: /resume/
Traceback (most recent call last):
  File "D:\Projects\Placement_partner\venv\Lib\site-packages\django\core\handlers\exception.py", line 55, in inner
    response = get_response(request)
  File "D:\Projects\Placement_partner\venv\Lib\site-packages\django\core\handlers\base.py", line 197, in _get_response
    response = wrapped_callback(request, *callback_args, **callback_kwargs)
  File "D:\Projects\Placement_partner\venv\Lib\site-packages\django\views\decorators\csrf.py", line 65, in _view_wrapper
    return view_func(request, *args, **kwargs)
  File "D:\Projects\Placement_partner\Placement_Partner\core\views.py", line 266, in resume_upload_view
    return render(request, 'resume_upload.html')
  File "D:\Projects\Placement_partner\venv\Lib\site-packages\django\shortcuts.py", line 25, in render
    content = loader.render_to_string(template_name, context, request, using=using)
  File "D:\Projects\Placement_partner\venv\Lib\site-packages\django\template\loader.py", line 61, in render_to_string
    template = get_template(template_name, using=using)
  File "D:\Projects\Placement_partner\venv\Lib\site-packages\django\template\loader.py", line 19, in get_template
    raise TemplateDoesNotExist(template_name, chain=chain)
django.template.exceptions.TemplateDoesNotExist: resume_upload.html
WARNING 2025-07-29 19:33:51,536 log 21640 16948 Not Found: /.well-known/appspecific/com.chrome.devtools.json
ERROR 2025-07-29 19:33:55,930 log 21640 16948 Internal Server Error: /resume/
Traceback (most recent call last):
  File "D:\Projects\Placement_partner\venv\Lib\site-packages\django\core\handlers\exception.py", line 55, in inner
    response = get_response(request)
  File "D:\Projects\Placement_partner\venv\Lib\site-packages\django\core\handlers\base.py", line 197, in _get_response
    response = wrapped_callback(request, *callback_args, **callback_kwargs)
  File "D:\Projects\Placement_partner\venv\Lib\site-packages\django\views\decorators\csrf.py", line 65, in _view_wrapper
    return view_func(request, *args, **kwargs)
  File "D:\Projects\Placement_partner\Placement_Partner\core\views.py", line 266, in resume_upload_view
    return render(request, 'resume_upload.html')
  File "D:\Projects\Placement_partner\venv\Lib\site-packages\django\shortcuts.py", line 25, in render
    content = loader.render_to_string(template_name, context, request, using=using)
  File "D:\Projects\Placement_partner\venv\Lib\site-packages\django\template\loader.py", line 61, in render_to_string
    template = get_template(template_name, using=using)
  File "D:\Projects\Placement_partner\venv\Lib\site-packages\django\template\loader.py", line 19, in get_template
    raise TemplateDoesNotExist(template_name, chain=chain)
django.template.exceptions.TemplateDoesNotExist: resume_upload.html
WARNING 2025-07-29 19:33:55,973 log 21640 16948 Not Found: /.well-known/appspecific/com.chrome.devtools.json
INFO 2025-07-29 19:36:09,936 autoreload 21640 28856 D:\Projects\Placement_partner\Placement_Partner\core\views.py changed, reloading.
INFO 2025-07-29 19:36:10,748 autoreload 12976 18660 Watching for file changes with StatReloader
INFO 2025-07-29 19:36:15,112 autoreload 22188 28180 Watching for file changes with StatReloader
WARNING 2025-07-29 19:36:20,545 log 22188 15240 Not Found: /.well-known/appspecific/com.chrome.devtools.json
INFO 2025-07-29 19:41:10,023 autoreload 22188 28180 D:\Projects\Placement_partner\Placement_Partner\core\utils.py changed, reloading.
INFO 2025-07-29 19:41:10,965 autoreload 24916 28032 Watching for file changes with StatReloader
INFO 2025-07-29 19:41:18,192 autoreload 24916 28032 D:\Projects\Placement_partner\Placement_Partner\core\utils.py changed, reloading.
INFO 2025-07-29 19:41:18,920 autoreload 7184 15236 Watching for file changes with StatReloader
INFO 2025-07-29 19:41:28,864 autoreload 7184 15236 D:\Projects\Placement_partner\Placement_Partner\core\utils.py changed, reloading.
INFO 2025-07-29 19:41:29,760 autoreload 21260 16816 Watching for file changes with StatReloader
INFO 2025-07-29 19:41:43,960 autoreload 10980 25620 Watching for file changes with StatReloader
WARNING 2025-07-29 19:41:59,560 log 10980 24588 Not Found: /.well-known/appspecific/com.chrome.devtools.json
WARNING 2025-07-29 19:42:30,581 log 10980 24588 Not Found: /.well-known/appspecific/com.chrome.devtools.json
WARNING 2025-07-29 19:42:34,916 log 10980 24588 Not Found: /.well-known/appspecific/com.chrome.devtools.json
WARNING 2025-07-29 19:42:37,619 log 10980 24588 Not Found: /.well-known/appspecific/com.chrome.devtools.json
WARNING 2025-07-29 19:42:40,461 log 10980 24588 Not Found: /.well-known/appspecific/com.chrome.devtools.json
WARNING 2025-07-29 19:42:42,768 log 10980 24588 Not Found: /.well-known/appspecific/com.chrome.devtools.json
WARNING 2025-07-29 19:42:46,400 log 10980 24588 Not Found: /.well-known/appspecific/com.chrome.devtools.json
WARNING 2025-07-29 20:00:57,906 log 10980 16856 Not Found: /.well-known/appspecific/com.chrome.devtools.json
WARNING 2025-07-29 20:01:01,051 log 10980 16856 Not Found: /.well-known/appspecific/com.chrome.devtools.json
INFO 2025-07-29 20:13:23,942 autoreload 29564 5232 Watching for file changes with StatReloader
WARNING 2025-07-29 20:13:37,716 log 29564 29608 Not Found: /.well-known/appspecific/com.chrome.devtools.json
WARNING 2025-07-29 22:35:34,331 log 29564 20788 Not Found: /.well-known/appspecific/com.chrome.devtools.json
WARNING 2025-07-29 22:35:35,294 log 29564 20788 Not Found: /.well-known/appspecific/com.chrome.devtools.json
WARNING 2025-07-29 22:35:36,513 log 29564 20788 Not Found: /.well-known/appspecific/com.chrome.devtools.json
WARNING 2025-07-29 22:35:38,602 log 29564 20788 Not Found: /.well-known/appspecific/com.chrome.devtools.json
WARNING 2025-07-29 22:35:40,750 log 29564 20788 Not Found: /.well-known/appspecific/com.chrome.devtools.json
INFO 2025-07-30 01:30:11,653 autoreload 22360 28780 Watching for file changes with StatReloader
WARNING 2025-07-30 01:30:39,383 log 22360 10512 Not Found: /favicon.ico
WARNING 2025-07-30 01:31:35,194 log 22360 10512 Not Found: /.well-known/appspecific/com.chrome.devtools.json
INFO 2025-07-30 01:46:05,131 autoreload 24864 29964 Watching for file changes with StatReloader
WARNING 2025-07-30 01:46:13,832 log 24864 31156 Not Found: /.well-known/appspecific/com.chrome.devtools.json
WARNING 2025-07-30 01:46:16,999 log 24864 31156 Not Found: /.well-known/appspecific/com.chrome.devtools.json
WARNING 2025-07-30 01:46:17,471 log 24864 31136 Not Found: /favicon.ico
WARNING 2025-07-30 01:47:46,326 log 24864 31136 Not Found: /.well-known/appspecific/com.chrome.devtools.json
WARNING 2025-07-30 01:47:51,991 log 24864 31136 Not Found: /.well-known/appspecific/com.chrome.devtools.json
INFO 2025-07-30 01:52:23,567 autoreload 30944 30880 Watching for file changes with StatReloader
WARNING 2025-07-30 01:52:33,850 log 30944 5312 Not Found: /.well-known/appspecific/com.chrome.devtools.json
WARNING 2025-07-30 01:52:39,617 log 30944 5312 Not Found: /.well-known/appspecific/com.chrome.devtools.json
WARNING 2025-07-30 01:52:42,356 log 30944 5312 Not Found: /.well-known/appspecific/com.chrome.devtools.json
WARNING 2025-07-30 01:52:47,904 log 30944 5312 Not Found: /.well-known/appspecific/com.chrome.devtools.json
WARNING 2025-07-30 01:52:47,945 log 30944 5312 Not Found: /favicon.ico
WARNING 2025-07-30 01:52:50,037 log 30944 5312 Not Found: /.well-known/appspecific/com.chrome.devtools.json
WARNING 2025-07-30 01:52:51,059 log 30944 5312 Not Found: /.well-known/appspecific/com.chrome.devtools.json
WARNING 2025-07-30 01:52:52,867 log 30944 5312 Not Found: /.well-known/appspecific/com.chrome.devtools.json
WARNING 2025-07-30 01:52:56,936 log 30944 5312 Not Found: /.well-known/appspecific/com.chrome.devtools.json
WARNING 2025-07-30 01:53:08,710 log 30944 5312 Not Found: /.well-known/appspecific/com.chrome.devtools.json
INFO 2025-07-30 01:59:18,808 autoreload 30944 30880 D:\Projects\Placement_partner\Placement_Partner\core\views.py changed, reloading.
INFO 2025-07-30 01:59:19,544 autoreload 30148 30916 Watching for file changes with StatReloader
INFO 2025-07-30 01:59:47,070 autoreload 31120 30736 Watching for file changes with StatReloader
WARNING 2025-07-30 02:02:19,740 log 31120 32532 Not Found: /.well-known/appspecific/com.chrome.devtools.json
WARNING 2025-07-30 02:02:27,138 log 31120 32532 Not Found: /.well-known/appspecific/com.chrome.devtools.json
WARNING 2025-07-30 02:02:27,677 log 31120 32536 Not Found: /favicon.ico
WARNING 2025-07-30 02:02:41,016 log 31120 32536 Not Found: /.well-known/appspecific/com.chrome.devtools.json
INFO 2025-07-30 02:08:12,779 autoreload 22756 24664 Watching for file changes with StatReloader
WARNING 2025-07-30 02:08:19,313 log 22756 26044 Not Found: /.well-known/appspecific/com.chrome.devtools.json
WARNING 2025-07-30 02:08:22,637 log 22756 26044 Not Found: /.well-known/appspecific/com.chrome.devtools.json
WARNING 2025-07-30 02:08:23,051 log 22756 32424 Not Found: /favicon.ico
WARNING 2025-07-30 02:08:34,841 log 22756 32424 Not Found: /.well-known/appspecific/com.chrome.devtools.json
INFO 2025-07-30 02:10:23,238 autoreload 22756 24664 D:\Projects\Placement_partner\Placement_Partner\core\utils.py changed, reloading.
INFO 2025-07-30 02:10:25,998 autoreload 24940 12028 Watching for file changes with StatReloader
INFO 2025-07-30 02:10:33,022 autoreload 33360 33212 Watching for file changes with StatReloader
WARNING 2025-07-30 02:10:38,869 log 33360 33892 Not Found: /.well-known/appspecific/com.chrome.devtools.json
WARNING 2025-07-30 02:10:40,470 log 33360 33892 Not Found: /.well-known/appspecific/com.chrome.devtools.json
WARNING 2025-07-30 02:10:40,877 log 33360 33368 Not Found: /favicon.ico
WARNING 2025-07-30 02:10:48,744 log 33360 33368 Not Found: /.well-known/appspecific/com.chrome.devtools.json
WARNING 2025-07-30 02:11:54,897 log 33360 33368 Not Found: /.well-known/appspecific/com.chrome.devtools.json
WARNING 2025-07-30 02:11:59,009 log 33360 33368 Not Found: /.well-known/appspecific/com.chrome.devtools.json
WARNING 2025-07-30 02:11:59,678 log 33360 34508 Not Found: /favicon.ico
INFO 2025-07-30 02:44:10,293 autoreload 31336 34464 Watching for file changes with StatReloader
WARNING 2025-07-30 02:44:22,261 log 31336 1652 Not Found: /.well-known/appspecific/com.chrome.devtools.json
WARNING 2025-07-30 02:44:24,553 log 31336 1652 Not Found: /.well-known/appspecific/com.chrome.devtools.json
WARNING 2025-07-30 02:44:25,094 log 31336 6268 Not Found: /favicon.ico
INFO 2025-07-30 02:47:28,977 autoreload 30608 31208 Watching for file changes with StatReloader
WARNING 2025-07-30 02:47:40,392 log 30608 32644 Not Found: /.well-known/appspecific/com.chrome.devtools.json
WARNING 2025-07-30 02:47:40,857 log 30608 18996 Not Found: /favicon.ico
INFO 2025-07-30 02:56:57,276 autoreload 33728 34288 Watching for file changes with StatReloader
WARNING 2025-07-30 02:57:04,836 log 33728 30924 Not Found: /.well-known/appspecific/com.chrome.devtools.json
WARNING 2025-07-30 02:57:05,290 log 33728 33576 Not Found: /favicon.ico
WARNING 2025-07-30 02:57:29,962 log 33728 33576 Not Found: /.well-known/appspecific/com.chrome.devtools.json
WARNING 2025-07-30 02:58:13,321 log 33728 33576 Not Found: /.well-known/appspecific/com.chrome.devtools.json
WARNING 2025-07-30 02:58:19,760 log 33728 33576 Not Found: /.well-known/appspecific/com.chrome.devtools.json
WARNING 2025-07-30 02:58:20,463 log 33728 33576 Not Found: /.well-known/appspecific/com.chrome.devtools.json
WARNING 2025-07-30 02:58:30,076 log 33728 33576 Not Found: /.well-known/appspecific/com.chrome.devtools.json
WARNING 2025-07-30 02:58:30,739 log 33728 20312 Not Found: /favicon.ico
WARNING 2025-07-30 02:59:03,707 log 33728 20312 Not Found: /.well-known/appspecific/com.chrome.devtools.json
WARNING 2025-07-30 03:00:48,721 log 33728 20312 Not Found: /.well-known/appspecific/com.chrome.devtools.json
WARNING 2025-07-30 03:00:51,575 log 33728 20312 Not Found: /.well-known/appspecific/com.chrome.devtools.json
WARNING 2025-07-30 03:00:52,120 log 33728 30924 Not Found: /favicon.ico
WARNING 2025-07-30 03:02:16,090 log 33728 30924 Not Found: /.well-known/appspecific/com.chrome.devtools.json
WARNING 2025-07-30 03:02:16,603 log 33728 33576 Not Found: /favicon.ico
INFO 2025-07-30 03:05:44,617 autoreload 33728 34288 D:\Projects\Placement_partner\Placement_Partner\core\utils.py changed, reloading.
INFO 2025-07-30 03:05:47,721 autoreload 32032 2804 Watching for file changes with StatReloader
INFO 2025-07-30 03:06:52,159 autoreload 30684 32804 Watching for file changes with StatReloader
WARNING 2025-07-30 03:06:59,006 log 30684 32920 Not Found: /.well-known/appspecific/com.chrome.devtools.json
WARNING 2025-07-30 03:06:59,530 log 30684 14176 Not Found: /favicon.ico
WARNING 2025-07-30 03:07:16,309 log 30684 14176 Not Found: /.well-known/appspecific/com.chrome.devtools.json
WARNING 2025-07-30 03:07:44,441 log 30684 14176 Not Found: /.well-known/appspecific/com.chrome.devtools.json
WARNING 2025-07-30 03:07:45,218 log 30684 14176 Not Found: /.well-known/appspecific/com.chrome.devtools.json
WARNING 2025-07-30 03:07:46,093 log 30684 14176 Not Found: /.well-known/appspecific/com.chrome.devtools.json
WARNING 2025-07-30 03:07:46,914 log 30684 14176 Not Found: /.well-known/appspecific/com.chrome.devtools.json
WARNING 2025-07-30 03:07:48,761 log 30684 14176 Not Found: /.well-known/appspecific/com.chrome.devtools.json
INFO 2025-07-30 03:10:32,058 autoreload 32800 4712 Watching for file changes with StatReloader
WARNING 2025-07-30 03:10:39,957 log 32800 3236 Not Found: /favicon.ico
WARNING 2025-07-30 03:14:11,842 log 32800 31452 Not Found: /.well-known/appspecific/com.chrome.devtools.json
INFO 2025-07-30 14:25:39,983 autoreload 27376 10584 Watching for file changes with StatReloader
WARNING 2025-07-30 14:25:55,637 log 27376 32524 Not Found: /favicon.ico
WARNING 2025-07-30 14:26:36,244 log 27376 3292 Not Found: /favicon.ico
INFO 2025-07-30 14:28:32,916 autoreload 11876 34368 Watching for file changes with StatReloader
WARNING 2025-07-30 14:28:58,301 log 11876 4796 Not Found: /.well-known/appspecific/com.chrome.devtools.json
WARNING 2025-07-30 14:29:04,218 log 11876 4796 Not Found: /.well-known/appspecific/com.chrome.devtools.json
INFO 2025-07-30 23:09:08,699 autoreload 9116 39004 Watching for file changes with StatReloader
INFO 2025-07-30 23:18:22,091 autoreload 9116 39004 D:\Projects\Placement_partner\Placement_Partner\core\views.py changed, reloading.
INFO 2025-07-30 23:18:22,951 autoreload 17152 35268 Watching for file changes with StatReloader
INFO 2025-07-30 23:22:33,648 autoreload 36736 36228 Watching for file changes with StatReloader
WARNING 2025-07-30 23:38:40,545 log 36736 32300 Not Found: /favicon.ico
WARNING 2025-07-30 23:39:34,549 log 36736 32300 Not Found: /.well-known/appspecific/com.chrome.devtools.json
WARNING 2025-07-30 23:50:02,249 log 36736 23548 Not Found: /.well-known/appspecific/com.chrome.devtools.json
WARNING 2025-07-30 23:50:26,886 log 36736 23548 Not Found: /.well-known/appspecific/com.chrome.devtools.json
WARNING 2025-07-31 00:03:39,437 log 36736 35064 Not Found: /.well-known/appspecific/com.chrome.devtools.json
WARNING 2025-07-31 00:04:51,871 log 36736 35064 Not Found: /.well-known/appspecific/com.chrome.devtools.json
WARNING 2025-07-31 00:05:53,474 log 36736 35064 Not Found: /.well-known/appspecific/com.chrome.devtools.json
WARNING 2025-07-31 00:05:56,032 log 36736 35064 Not Found: /.well-known/appspecific/com.chrome.devtools.json
WARNING 2025-07-31 00:06:39,109 log 36736 35064 Not Found: /.well-known/appspecific/com.chrome.devtools.json
INFO 2025-07-31 00:11:06,931 autoreload 13800 13700 Watching for file changes with StatReloader
WARNING 2025-07-31 00:11:29,942 log 13800 2520 Not Found: /favicon.ico
WARNING 2025-07-31 00:13:44,499 log 13800 2520 Not Found: /.well-known/appspecific/com.chrome.devtools.json
WARNING 2025-07-31 00:19:11,755 log 13800 15668 Not Found: /.well-known/appspecific/com.chrome.devtools.json
WARNING 2025-07-31 00:19:37,912 log 13800 15668 Not Found: /.well-known/appspecific/com.chrome.devtools.json
WARNING 2025-07-31 00:20:25,869 log 13800 15668 Not Found: /.well-known/appspecific/com.chrome.devtools.json
WARNING 2025-07-31 00:20:34,636 log 13800 15668 Not Found: /.well-known/appspecific/com.chrome.devtools.json
WARNING 2025-07-31 00:20:53,278 log 13800 15668 Not Found: /.well-known/appspecific/com.chrome.devtools.json
WARNING 2025-07-31 00:21:05,770 log 13800 15668 Not Found: /.well-known/appspecific/com.chrome.devtools.json
WARNING 2025-07-31 00:21:20,491 log 13800 15668 Not Found: /.well-known/appspecific/com.chrome.devtools.json
WARNING 2025-07-31 00:21:29,127 log 13800 15668 Not Found: /.well-known/appspecific/com.chrome.devtools.json
WARNING 2025-07-31 00:21:36,525 log 13800 15668 Not Found: /.well-known/appspecific/com.chrome.devtools.json
WARNING 2025-07-31 00:21:56,390 log 13800 15668 Not Found: /.well-known/appspecific/com.chrome.devtools.json
WARNING 2025-07-31 00:21:57,453 log 13800 15668 Not Found: /.well-known/appspecific/com.chrome.devtools.json
WARNING 2025-07-31 00:21:58,023 log 13800 15668 Not Found: /.well-known/appspecific/com.chrome.devtools.json
WARNING 2025-07-31 00:21:58,224 log 13800 15668 Not Found: /.well-known/appspecific/com.chrome.devtools.json
WARNING 2025-07-31 00:21:58,434 log 13800 15668 Not Found: /.well-known/appspecific/com.chrome.devtools.json
WARNING 2025-07-31 00:22:03,736 log 13800 15668 Not Found: /.well-known/appspecific/com.chrome.devtools.json
WARNING 2025-07-31 00:22:18,064 log 13800 15668 Not Found: /.well-known/appspecific/com.chrome.devtools.json
WARNING 2025-07-31 00:22:25,954 log 13800 15668 Not Found: /.well-known/appspecific/com.chrome.devtools.json
WARNING 2025-07-31 00:22:52,704 log 13800 15668 Not Found: /.well-known/appspecific/com.chrome.devtools.json
WARNING 2025-07-31 00:23:08,247 log 13800 15668 Not Found: /.well-known/appspecific/com.chrome.devtools.json
WARNING 2025-07-31 00:23:18,434 log 13800 15668 Not Found: /.well-known/appspecific/com.chrome.devtools.json
WARNING 2025-07-31 00:24:02,713 log 13800 15668 Not Found: /.well-known/appspecific/com.chrome.devtools.json
WARNING 2025-07-31 00:24:11,873 log 13800 15668 Not Found: /.well-known/appspecific/com.chrome.devtools.json
WARNING 2025-07-31 00:24:18,713 log 13800 15668 Not Found: /.well-known/appspecific/com.chrome.devtools.json
WARNING 2025-07-31 00:24:28,326 log 13800 15668 Not Found: /.well-known/appspecific/com.chrome.devtools.json
WARNING 2025-07-31 00:24:38,739 log 13800 15668 Not Found: /.well-known/appspecific/com.chrome.devtools.json
WARNING 2025-07-31 00:24:39,670 log 13800 15668 Not Found: /.well-known/appspecific/com.chrome.devtools.json
WARNING 2025-07-31 00:24:39,974 log 13800 15668 Not Found: /.well-known/appspecific/com.chrome.devtools.json
WARNING 2025-07-31 00:24:49,436 log 13800 15668 Not Found: /.well-known/appspecific/com.chrome.devtools.json
WARNING 2025-07-31 00:24:57,012 log 13800 15668 Not Found: /.well-known/appspecific/com.chrome.devtools.json
WARNING 2025-07-31 00:25:05,662 log 13800 15668 Not Found: /.well-known/appspecific/com.chrome.devtools.json
WARNING 2025-07-31 00:25:15,538 log 13800 15668 Not Found: /.well-known/appspecific/com.chrome.devtools.json
WARNING 2025-07-31 00:25:20,688 log 13800 15668 Not Found: /.well-known/appspecific/com.chrome.devtools.json
WARNING 2025-07-31 00:25:26,376 log 13800 15668 Not Found: /.well-known/appspecific/com.chrome.devtools.json
WARNING 2025-07-31 00:25:31,718 log 13800 15668 Not Found: /.well-known/appspecific/com.chrome.devtools.json
WARNING 2025-07-31 00:25:37,258 log 13800 15668 Not Found: /.well-known/appspecific/com.chrome.devtools.json
WARNING 2025-07-31 00:25:42,106 log 13800 15668 Not Found: /.well-known/appspecific/com.chrome.devtools.json
WARNING 2025-07-31 00:25:47,916 log 13800 15668 Not Found: /.well-known/appspecific/com.chrome.devtools.json
WARNING 2025-07-31 00:26:03,096 log 13800 15668 Not Found: /.well-known/appspecific/com.chrome.devtools.json
WARNING 2025-07-31 00:26:10,724 log 13800 15668 Not Found: /.well-known/appspecific/com.chrome.devtools.json
WARNING 2025-07-31 00:26:28,608 log 13800 15668 Not Found: /.well-known/appspecific/com.chrome.devtools.json
WARNING 2025-07-31 00:26:36,808 log 13800 15668 Not Found: /.well-known/appspecific/com.chrome.devtools.json
WARNING 2025-07-31 00:26:37,870 log 13800 15668 Not Found: /.well-known/appspecific/com.chrome.devtools.json
WARNING 2025-07-31 00:26:38,398 log 13800 15668 Not Found: /.well-known/appspecific/com.chrome.devtools.json
WARNING 2025-07-31 00:26:42,018 log 13800 15668 Not Found: /.well-known/appspecific/com.chrome.devtools.json
WARNING 2025-07-31 00:26:47,662 log 13800 15668 Not Found: /.well-known/appspecific/com.chrome.devtools.json
WARNING 2025-07-31 00:26:48,241 log 13800 15668 Not Found: /.well-known/appspecific/com.chrome.devtools.json
WARNING 2025-07-31 00:26:48,454 log 13800 15668 Not Found: /.well-known/appspecific/com.chrome.devtools.json
WARNING 2025-07-31 00:26:54,307 log 13800 15668 Not Found: /.well-known/appspecific/com.chrome.devtools.json
WARNING 2025-07-31 00:27:03,897 log 13800 15668 Not Found: /.well-known/appspecific/com.chrome.devtools.json
INFO 2025-07-31 20:26:33,137 autoreload 22844 21064 Watching for file changes with StatReloader
WARNING 2025-07-31 20:32:47,422 log 22844 15920 Not Found: /.well-known/appspecific/com.chrome.devtools.json
WARNING 2025-07-31 20:34:01,416 log 22844 15920 Not Found: /.well-known/appspecific/com.chrome.devtools.json
INFO 2025-07-31 23:54:47,796 autoreload 19572 16892 Watching for file changes with StatReloader
WARNING 2025-07-31 23:56:33,706 log 19572 20484 Not Found: /.well-known/appspecific/com.chrome.devtools.json
WARNING 2025-07-31 23:57:14,043 log 19572 20484 Not Found: /.well-known/appspecific/com.chrome.devtools.json
WARNING 2025-07-31 23:57:26,111 log 19572 20484 Not Found: /.well-known/appspecific/com.chrome.devtools.json
INFO 2025-08-02 19:56:12,992 autoreload 12020 5452 Watching for file changes with StatReloader
WARNING 2025-08-02 19:56:26,417 log 12020 15868 Not Found: /favicon.ico
INFO 2025-08-19 17:42:47,870 autoreload 18148 13704 Watching for file changes with StatReloader
INFO 2025-09-17 18:11:06,772 autoreload 18236 9312 Watching for file changes with StatReloader
INFO 2025-09-17 18:55:42,379 autoreload 13692 16804 Watching for file changes with StatReloader
INFO 2025-09-17 19:10:59,734 autoreload 5784 13640 Watching for file changes with StatReloader
WARNING 2025-09-17 19:11:08,250 log 5784 3068 Not Found: /favicon.ico
INFO 2025-09-17 20:51:36,809 autoreload 14768 16344 Watching for file changes with StatReloader
WARNING 2025-09-17 20:51:49,864 log 14768 3304 Not Found: /favicon.ico
WARNING 2025-09-17 20:51:53,593 log 14768 3304 Method Not Allowed: /accounts/register/
WARNING 2025-09-17 20:51:57,776 log 14768 3304 Method Not Allowed: /accounts/login/
INFO 2025-09-17 20:53:10,292 autoreload 14768 16344 D:\Projects\Placement_partner\Placement_Partner\accounts\urls.py changed, reloading.
INFO 2025-09-17 20:53:11,518 autoreload 8016 14884 Watching for file changes with StatReloader
WARNING 2025-09-17 20:53:18,177 log 8016 15756 Not Found: /favicon.ico
ERROR 2025-09-17 20:53:20,438 log 8016 15756 Internal Server Error: /accounts/login/
Traceback (most recent call last):
  File "D:\Projects\Placement_partner\venv\Lib\site-packages\django\template\backends\django.py", line 107, in render
    return self.template.render(context)
           ~~~~~~~~~~~~~~~~~~~~^^^^^^^^^
  File "D:\Projects\Placement_partner\venv\Lib\site-packages\django\template\base.py", line 171, in render
    return self._render(context)
           ~~~~~~~~~~~~^^^^^^^^^
  File "D:\Projects\Placement_partner\venv\Lib\site-packages\django\template\base.py", line 163, in _render
    return self.nodelist.render(context)
           ~~~~~~~~~~~~~~~~~~~~^^^^^^^^^
  File "D:\Projects\Placement_partner\venv\Lib\site-packages\django\template\base.py", line 1016, in render
    return SafeString("".join([node.render_annotated(context) for node in self]))
                               ~~~~~~~~~~~~~~~~~~~~~^^^^^^^^^
  File "D:\Projects\Placement_partner\venv\Lib\site-packages\django\template\base.py", line 977, in render_annotated
    return self.render(context)
           ~~~~~~~~~~~^^^^^^^^^
  File "D:\Projects\Placement_partner\venv\Lib\site-packages\django\template\loader_tags.py", line 134, in render
    compiled_parent = self.get_parent(context)
  File "D:\Projects\Placement_partner\venv\Lib\site-packages\django\template\loader_tags.py", line 131, in get_parent
    return self.find_template(parent, context)
           ~~~~~~~~~~~~~~~~~~^^^^^^^^^^^^^^^^^
  File "D:\Projects\Placement_partner\venv\Lib\site-packages\django\template\loader_tags.py", line 109, in find_template
    template, origin = context.template.engine.find_template(
                       ~~~~~~~~~~~~~~~~~~~~~~~~~~~~~~~~~~~~~^
        template_name,
        ^^^^^^^^^^^^^^
        skip=history,
        ^^^^^^^^^^^^^
    )
    ^
  File "D:\Projects\Placement_partner\venv\Lib\site-packages\django\template\engine.py", line 163, in find_template
    raise TemplateDoesNotExist(name, tried=tried)
django.template.exceptions.TemplateDoesNotExist: base.html

The above exception was the direct cause of the following exception:

Traceback (most recent call last):
  File "D:\Projects\Placement_partner\venv\Lib\site-packages\django\core\handlers\exception.py", line 55, in inner
    response = get_response(request)
  File "D:\Projects\Placement_partner\venv\Lib\site-packages\django\core\handlers\base.py", line 197, in _get_response
    response = wrapped_callback(request, *callback_args, **callback_kwargs)
  File "D:\Projects\Placement_partner\venv\Lib\site-packages\django\views\generic\base.py", line 105, in view
    return self.dispatch(request, *args, **kwargs)
           ~~~~~~~~~~~~~^^^^^^^^^^^^^^^^^^^^^^^^^^
  File "D:\Projects\Placement_partner\venv\Lib\site-packages\django\views\generic\base.py", line 144, in dispatch
    return handler(request, *args, **kwargs)
  File "D:\Projects\Placement_partner\Placement_Partner\accounts\views.py", line 62, in get
    return render(request, "accounts/login.html", {"form": form})
  File "D:\Projects\Placement_partner\venv\Lib\site-packages\django\shortcuts.py", line 25, in render
    content = loader.render_to_string(template_name, context, request, using=using)
  File "D:\Projects\Placement_partner\venv\Lib\site-packages\django\template\loader.py", line 62, in render_to_string
    return template.render(context, request)
           ~~~~~~~~~~~~~~~^^^^^^^^^^^^^^^^^^
  File "D:\Projects\Placement_partner\venv\Lib\site-packages\django\template\backends\django.py", line 109, in render
    reraise(exc, self.backend)
    ~~~~~~~^^^^^^^^^^^^^^^^^^^
  File "D:\Projects\Placement_partner\venv\Lib\site-packages\django\template\backends\django.py", line 130, in reraise
    raise new from exc
django.template.exceptions.TemplateDoesNotExist: base.html
WARNING 2025-09-17 20:54:03,563 log 8016 17460 Not Found: /favicon.ico
WARNING 2025-09-17 21:36:42,178 log 8016 2044 Not Found: /favicon.ico
WARNING 2025-09-17 21:50:51,165 log 8016 7052 Not Found: /favicon.ico
WARNING 2025-09-17 21:51:48,025 log 8016 7052 Not Found: /favicon.ico
WARNING 2025-09-17 22:07:03,230 log 8016 17336 Not Found: /favicon.ico
WARNING 2025-09-17 22:13:11,338 log 8016 2976 Not Found: /favicon.ico
WARNING 2025-09-17 22:13:41,298 log 8016 12380 Not Found: /favicon.ico
WARNING 2025-09-17 22:14:34,888 log 8016 2976 Not Found: /favicon.ico
WARNING 2025-09-17 22:17:10,888 log 8016 12380 Not Found: /favicon.ico
WARNING 2025-09-17 22:19:57,592 log 8016 2976 Not Found: /favicon.ico
WARNING 2025-09-17 22:20:42,641 log 8016 12380 Not Found: /favicon.ico
INFO 2025-09-17 22:20:48,339 autoreload 10468 11596 Watching for file changes with StatReloader
WARNING 2025-09-17 22:23:14,488 log 10468 17056 Not Found: /favicon.ico
INFO 2025-09-17 22:25:43,532 autoreload 10468 11596 D:\Projects\Placement_partner\Placement_Partner\placement_partner\settings.py changed, reloading.
INFO 2025-09-17 22:25:44,439 autoreload 12556 10880 Watching for file changes with StatReloader
INFO 2025-09-17 22:25:49,877 autoreload 12556 10880 D:\Projects\Placement_partner\Placement_Partner\placement_partner\settings.py changed, reloading.
INFO 2025-09-17 22:27:26,720 autoreload 10288 16272 Watching for file changes with StatReloader
WARNING 2025-09-17 22:27:36,167 log 10288 16780 Not Found: /favicon.ico
WARNING 2025-09-17 22:35:34,785 log 10288 16780 Not Found: /favicon.ico
